<?xml version="1.0" encoding="UTF-8"?>
<!-- Generated by org.testng.reporters.JUnitReportReporter -->
<testsuite hostname="DESKTOP-9KN8F3N" failures="0" tests="1" name="Testcase_UserSongs.RecentlyPlayedStoreTest" time="0.024" errors="0" timestamp="2023-08-08T17:57:46 IST" skipped="0">
  <testcase classname="Testcase_UserSongs.RecentlyPlayedStoreTest" name="testRecentlyPlayedStore" time="0.024"/>
  <system-out/>
</testsuite> <!-- Testcase_UserSongs.RecentlyPlayedStoreTest -->
